[20240909 09:09:50:900][INFO ][o.h.validator.internal.util.Version] HV000001: Hibernate Validator 8.0.0.Final
[20240909 09:09:50:946][INFO ][com.yoyo.payment.PaymentApplication] Starting PaymentApplication using Java 17.0.11 with PID 13568 (C:\Users\SSAFY\Desktop\YoYo\S11P21A308\BackEnd_YoYo\payment-service\build\classes\java\main started by SSAFY in C:\Users\SSAFY\Desktop\YoYo\S11P21A308\BackEnd_YoYo)
[20240909 09:09:50:946][INFO ][com.yoyo.payment.PaymentApplication] The following 1 profile is active: "local"
[20240909 09:09:50:985][INFO ][o.s.b.d.e.DevToolsPropertyDefaultsPostProcessor] Devtools property defaults active! Set 'spring.devtools.add-properties' to 'false' to disable
[20240909 09:09:50:985][INFO ][o.s.b.d.e.DevToolsPropertyDefaultsPostProcessor] For additional web related logging consider setting the 'logging.level.web' property to 'DEBUG'
[20240909 09:09:51:706][INFO ][o.s.d.r.c.RepositoryConfigurationDelegate] Multiple Spring Data modules found, entering strict repository configuration mode
[20240909 09:09:51:706][INFO ][o.s.d.r.c.RepositoryConfigurationDelegate] Bootstrapping Spring Data Redis repositories in DEFAULT mode.
[20240909 09:09:51:728][INFO ][o.s.d.r.c.RepositoryConfigurationDelegate] Finished Spring Data repository scanning in 10 ms. Found 0 Redis repository interfaces.
[20240909 09:09:51:992][WARN ][o.s.c.s.PostProcessorRegistrationDelegate$BeanPostProcessorChecker] Bean 'org.springframework.ws.config.annotation.DelegatingWsConfiguration' of type [org.springframework.ws.config.annotation.DelegatingWsConfiguration$$SpringCGLIB$$0] is not eligible for getting processed by all BeanPostProcessors (for example: not eligible for auto-proxying). The currently created BeanPostProcessor [annotationActionEndpointMapping] is declared through a non-static factory method on that class; consider declaring it as static instead.
[20240909 09:09:52:007][INFO ][o.s.w.s.a.s.AnnotationActionEndpointMapping] Supporting [WS-Addressing August 2004, WS-Addressing 1.0]
[20240909 09:09:52:361][INFO ][o.s.b.w.embedded.tomcat.TomcatWebServer] Tomcat initialized with port 8080 (http)
[20240909 09:09:52:377][INFO ][o.apache.coyote.http11.Http11NioProtocol] Initializing ProtocolHandler ["http-nio-8080"]
[20240909 09:09:52:377][INFO ][o.apache.catalina.core.StandardService] Starting service [Tomcat]
[20240909 09:09:52:392][INFO ][org.apache.catalina.core.StandardEngine] Starting Servlet engine: [Apache Tomcat/10.1.28]
[20240909 09:09:52:446][INFO ][o.a.c.c.C.[Tomcat].[localhost].[/]] Initializing Spring embedded WebApplicationContext
[20240909 09:09:52:446][INFO ][o.s.b.w.s.c.ServletWebServerApplicationContext] Root WebApplicationContext: initialization completed in 1461 ms
[20240909 09:09:53:031][WARN ][o.s.b.a.t.ThymeleafAutoConfiguration$DefaultTemplateResolverConfiguration] Cannot find template location: classpath:/templates/ (please add some templates, check your Thymeleaf configuration, or set spring.thymeleaf.check-template-location=false)
[20240909 09:09:53:612][INFO ][o.s.b.d.a.OptionalLiveReloadServer] LiveReload server is running on port 35729
[20240909 09:09:53:633][INFO ][o.apache.coyote.http11.Http11NioProtocol] Starting ProtocolHandler ["http-nio-8080"]
[20240909 09:09:53:664][INFO ][o.s.b.w.embedded.tomcat.TomcatWebServer] Tomcat started on port 8080 (http) with context path '/'
[20240909 09:09:53:664][INFO ][com.yoyo.payment.PaymentApplication] Started PaymentApplication in 3.191 seconds (process running for 3.655)
